<?xml version="1.0" encoding="utf-8"?><testsuites><testsuite name="pytest" errors="0" failures="0" skipped="0" tests="9" time="18.015" timestamp="2024-09-27T18:29:54.708661" hostname="akhileshk-Lenovo-ideapad-330-15IKB"><testcase classname="launch_testing_examples.launch_testing_examples.check_msgs_launch_test" name="launch_testing_examples.check_msgs_launch_test" time="2.901" /><testcase classname="launch_testing_examples.launch_testing_examples.check_multiple_nodes_launch_test" name="launch_testing_examples.check_multiple_nodes_launch_test" time="3.982" /><testcase classname="launch_testing_examples.launch_testing_examples.check_node_launch_test" name="launch_testing_examples.check_node_launch_test" time="5.397" /><testcase classname="launch_testing_examples.launch_testing_examples.hello_world_launch_test" name="launch_testing_examples.hello_world_launch_test" time="0.024" /><testcase classname="launch_testing_examples.launch_testing_examples.record_rosbag_launch_test" name="launch_testing_examples.record_rosbag_launch_test" time="3.522" /><testcase classname="launch_testing_examples.launch_testing_examples.set_param_launch_test" name="launch_testing_examples.set_param_launch_test" time="0.482" /><testcase classname="launch_testing_examples.test.test_copyright" name="test_copyright" time="0.360" /><testcase classname="launch_testing_examples.test.test_flake8" name="test_flake8" time="0.146" /><testcase classname="launch_testing_examples.test.test_pep257" name="test_pep257" time="0.044" /></testsuite></testsuites>